Using pre-set license
Built from '2020.3/staging' branch; Version is '2020.3.17f1 (a4537701e4ab) revision 10769271'; Using compiler version '192528614'; Build Type 'Release'
OS: 'Windows 10 Pro; OS build 19041.1288; Version 2004; 64bit' Language: 'ko' Physical Memory: 11638 MB
BatchMode: 1, IsHumanControllingUs: 0, StartBugReporterOnCrash: 0, Is64bit: 1, IsPro: 0

COMMAND LINE ARGUMENTS:
C:\Program Files\Unity\Hub\Editor\2020.3.17f1\Editor\Unity.exe
-adb2
-batchMode
-noUpm
-name
AssetImportWorker0
-projectPath
D:/Fork/GameDesignPatternLearning
-logFile
Logs/AssetImportWorker0.log
-srvPort
60318
Successfully changed project path to: D:/Fork/GameDesignPatternLearning
D:/Fork/GameDesignPatternLearning
Using Asset Import Pipeline V2.
Refreshing native plugins compatible for Editor in 33.57 ms, found 2 plugins.
Preloading 0 native plugins for Editor in 0.00 ms.
Initialize engine version: 2020.3.17f1 (a4537701e4ab)
[Subsystems] Discovering subsystems at path C:/Program Files/Unity/Hub/Editor/2020.3.17f1/Editor/Data/Resources/UnitySubsystems
[Subsystems] Discovering subsystems at path D:/Fork/GameDesignPatternLearning/Assets
GfxDevice: creating device client; threaded=0
Direct3D:
    Version:  Direct3D 11.0 [level 11.1]
    Renderer: AMD Radeon(TM) Graphics (ID=0x1636)
    Vendor:   
    VRAM:     5819 MB
    Driver:   27.20.11028.10001
Initialize mono
Mono path[0] = 'C:/Program Files/Unity/Hub/Editor/2020.3.17f1/Editor/Data/Managed'
Mono path[1] = 'C:/Program Files/Unity/Hub/Editor/2020.3.17f1/Editor/Data/MonoBleedingEdge/lib/mono/unityjit'
Mono config path = 'C:/Program Files/Unity/Hub/Editor/2020.3.17f1/Editor/Data/MonoBleedingEdge/etc'
Using monoOptions --debugger-agent=transport=dt_socket,embedding=1,server=y,suspend=n,address=127.0.0.1:56300
Begin MonoManager ReloadAssembly
Registering precompiled unity dll's ...
Register platform support module: C:/Program Files/Unity/Hub/Editor/2020.3.17f1/Editor/Data/PlaybackEngines/WindowsStandaloneSupport/UnityEditor.WindowsStandalone.Extensions.dll
Registered in 0.004270 seconds.
Native extension for WindowsStandalone target not found
Refreshing native plugins compatible for Editor in 29.84 ms, found 2 plugins.
Preloading 0 native plugins for Editor in 0.00 ms.
Mono: successfully reloaded assembly
- Completed reload, in  2.180 seconds
Domain Reload Profiling:
	ReloadAssembly (2181ms)
		BeginReloadAssembly (76ms)
			ExecutionOrderSort (0ms)
			DisableScriptedObjects (0ms)
			BackupInstance (0ms)
			ReleaseScriptingObjects (0ms)
			CreateAndSetChildDomain (1ms)
		EndReloadAssembly (398ms)
			LoadAssemblies (73ms)
			RebuildTransferFunctionScriptingTraits (0ms)
			SetupTypeCache (147ms)
			ReleaseScriptCaches (0ms)
			RebuildScriptCaches (31ms)
			SetupLoadedEditorAssemblies (147ms)
				LogAssemblyErrors (0ms)
				InitializePlatformSupportModulesInManaged (4ms)
				SetLoadedEditorAssemblies (0ms)
				RefreshPlugins (30ms)
				BeforeProcessingInitializeOnLoad (16ms)
				ProcessInitializeOnLoadAttributes (70ms)
				ProcessInitializeOnLoadMethodAttributes (26ms)
				AfterProcessingInitializeOnLoad (0ms)
				EditorAssembliesLoaded (0ms)
			ExecutionOrderSort2 (0ms)
			AwakeInstancesAfterBackupRestoration (0ms)
Platform modules already initialized, skipping
Registering precompiled user dll's ...
Registered in 0.004068 seconds.
Begin MonoManager ReloadAssembly
Native extension for WindowsStandalone target not found
Refreshing native plugins compatible for Editor in 0.40 ms, found 2 plugins.
Preloading 0 native plugins for Editor in 0.00 ms.
Mono: successfully reloaded assembly
- Completed reload, in  1.209 seconds
Domain Reload Profiling:
	ReloadAssembly (1211ms)
		BeginReloadAssembly (199ms)
			ExecutionOrderSort (0ms)
			DisableScriptedObjects (4ms)
			BackupInstance (0ms)
			ReleaseScriptingObjects (0ms)
			CreateAndSetChildDomain (29ms)
		EndReloadAssembly (930ms)
			LoadAssemblies (132ms)
			RebuildTransferFunctionScriptingTraits (0ms)
			SetupTypeCache (277ms)
			ReleaseScriptCaches (0ms)
			RebuildScriptCaches (39ms)
			SetupLoadedEditorAssemblies (424ms)
				LogAssemblyErrors (0ms)
				InitializePlatformSupportModulesInManaged (5ms)
				SetLoadedEditorAssemblies (0ms)
				RefreshPlugins (1ms)
				BeforeProcessingInitializeOnLoad (81ms)
				ProcessInitializeOnLoadAttributes (320ms)
				ProcessInitializeOnLoadMethodAttributes (6ms)
				AfterProcessingInitializeOnLoad (11ms)
				EditorAssembliesLoaded (0ms)
			ExecutionOrderSort2 (0ms)
			AwakeInstancesAfterBackupRestoration (7ms)
Platform modules already initialized, skipping
========================================================================
Worker process is ready to serve import requests
Launched and connected shader compiler UnityShaderCompiler.exe after 0.07 seconds
Refreshing native plugins compatible for Editor in 0.45 ms, found 2 plugins.
Preloading 0 native plugins for Editor in 0.00 ms.
Unloading 1432 Unused Serialized files (Serialized files now loaded: 0)
System memory in use before: 69.6 MB.
System memory in use after: 69.6 MB.

Unloading 18 unused Assets to reduce memory usage. Loaded Objects now: 1866.
Total: 3.281700 ms (FindLiveObjects: 0.246500 ms CreateObjectMapping: 0.067100 ms MarkObjects: 2.877000 ms  DeleteObjects: 0.089300 ms)

AssetImportParameters requested are different than current active one (requested -> active):
  custom:framework-win-MediaFoundation: 216162199b28c13a410421893ffa2e32 -> 
  custom:video-decoder-ogg-theora: a1e56fd34408186e4bbccfd4996cb3dc -> 
  custom:container-muxer-webm: aa71ff27fc2769a1b78a27578f13a17b -> 
  custom:container-demuxer-webm: 4f35f7cbe854078d1ac9338744f61a02 -> 
  custom:container-demuxer-ogg: 62fdf1f143b41e24485cea50d1cbac27 -> 
  custom:video-encoder-webm-vp8: eb34c28f22e8b96e1ab97ce403110664 -> 
  custom:video-decoder-webm-vp8: 9c59270c3fd7afecdb556c50c9e8de78 -> 
  custom:audio-decoder-ogg-vorbis: bf7c407c2cedff20999df2af8eb42d56 -> 
  custom:audio-encoder-webm-vorbis: bf7c407c2cedff20999df2af8eb42d56 -> 
========================================================================
Received Import Request.
  path: Assets/6PrototypeEx/Prototype1/01.Scenes/Prototype1.unity
  artifactKey: Guid(210e4f7bc14b53f4d99eace1480ca9d7) Importer(815301076,1909f56bfc062723c751e8b465ee728b)
Start importing Assets/6PrototypeEx/Prototype1/01.Scenes/Prototype1.unity using Guid(210e4f7bc14b53f4d99eace1480ca9d7) Importer(815301076,1909f56bfc062723c751e8b465ee728b)  -> (artifact id: 'e80f02a1c308bc2df72301c0750c39f9') in 0.015788 seconds 
  Import took 0.018937 seconds .

========================================================================
Received Import Request.
  Time since last request: 9.962630 seconds.
  path: Assets/6PrototypeEx/Prototype1/02.Scripts/P_Units.cs
  artifactKey: Guid(8fa2caa9862f32442bf6b1d515616059) Importer(815301076,1909f56bfc062723c751e8b465ee728b)
Start importing Assets/6PrototypeEx/Prototype1/02.Scripts/P_Units.cs using Guid(8fa2caa9862f32442bf6b1d515616059) Importer(815301076,1909f56bfc062723c751e8b465ee728b)  -> (artifact id: '79682a8301ffd5c83b2d85af00dfd5e0') in 0.026053 seconds 
  Import took 0.029040 seconds .

========================================================================
Received Import Request.
  Time since last request: 0.363716 seconds.
  path: Assets/6PrototypeEx/Prototype1/02.Scripts/P_UnitManager.cs
  artifactKey: Guid(45a3ae8042637f44592c43ddf3c3c618) Importer(815301076,1909f56bfc062723c751e8b465ee728b)
Start importing Assets/6PrototypeEx/Prototype1/02.Scripts/P_UnitManager.cs using Guid(45a3ae8042637f44592c43ddf3c3c618) Importer(815301076,1909f56bfc062723c751e8b465ee728b)  -> (artifact id: 'd3b9f8c897e424df46fefda101419d55') in 0.004222 seconds 
  Import took 0.006961 seconds .

========================================================================
Received Import Request.
  Time since last request: 0.023669 seconds.
  path: Assets/6PrototypeEx/Prototype1/02.Scripts/P_UnitManager.cs
  artifactKey: Guid(45a3ae8042637f44592c43ddf3c3c618) Importer(815301076,1909f56bfc062723c751e8b465ee728b)
Start importing Assets/6PrototypeEx/Prototype1/02.Scripts/P_UnitManager.cs using Guid(45a3ae8042637f44592c43ddf3c3c618) Importer(815301076,1909f56bfc062723c751e8b465ee728b)  -> (artifact id: 'd3b9f8c897e424df46fefda101419d55') in 0.004099 seconds 
  Import took 0.007685 seconds .

AssetImportWorkerClient::OnTransportError - code=2 error=End of file
